::1 - - [03/Jul/2023:14:04:27 +0300] "GET /index.php HTTP/1.1" 200 87259
::1 - - [03/Jul/2023:14:05:24 +0300] "GET /task3.php HTTP/1.1" 200 119
::1 - - [03/Jul/2023:14:06:07 +0300] "GET /task3.php HTTP/1.1" 200 327
::1 - - [03/Jul/2023:14:06:51 +0300] "GET /task3.php HTTP/1.1" 200 296
::1 - - [03/Jul/2023:14:06:52 +0300] "GET /task3.php HTTP/1.1" 200 296
::1 - - [03/Jul/2023:14:07:51 +0300] "-" 408 -
::1 - - [03/Jul/2023:14:18:22 +0300] "GET /task3.php HTTP/1.1" 200 743
::1 - - [03/Jul/2023:14:18:45 +0300] "GET /task3.php HTTP/1.1" 200 738
::1 - - [03/Jul/2023:14:18:55 +0300] "GET /task3.php HTTP/1.1" 200 739
::1 - - [03/Jul/2023:14:19:28 +0300] "GET /task3.php HTTP/1.1" 200 768
::1 - - [03/Jul/2023:14:20:28 +0300] "-" 408 -
::1 - - [03/Jul/2023:14:20:28 +0300] "GET /task3.php HTTP/1.1" 200 768
::1 - - [03/Jul/2023:14:21:28 +0300] "-" 408 -
::1 - - [03/Jul/2023:14:22:18 +0300] "GET /task3.php HTTP/1.1" 200 768
::1 - - [03/Jul/2023:14:22:57 +0300] "GET /task3.php HTTP/1.1" 200 840
::1 - - [03/Jul/2023:14:22:59 +0300] "POST /myFunctions.php HTTP/1.1" 200 -
::1 - - [03/Jul/2023:14:23:13 +0300] "POST /myFunctions.php HTTP/1.1" 200 -
::1 - - [03/Jul/2023:14:23:15 +0300] "GET /task3.php HTTP/1.1" 200 811
::1 - - [03/Jul/2023:14:23:16 +0300] "POST /myFunctions.php HTTP/1.1" 200 -
::1 - - [03/Jul/2023:14:23:29 +0300] "GET /task3.php HTTP/1.1" 200 810
::1 - - [03/Jul/2023:14:23:30 +0300] "POST /myFunctions.php HTTP/1.1" 200 -
::1 - - [03/Jul/2023:14:24:07 +0300] "GET /task3.php HTTP/1.1" 200 810
::1 - - [03/Jul/2023:14:24:08 +0300] "POST /myFunctions.php HTTP/1.1" 200 -
::1 - - [03/Jul/2023:14:24:49 +0300] "GET /task3.php HTTP/1.1" 200 816
::1 - - [03/Jul/2023:14:24:50 +0300] "POST /myFunctions.php HTTP/1.1" 200 -
::1 - - [03/Jul/2023:14:25:41 +0300] "GET /task3.php HTTP/1.1" 200 825
::1 - - [03/Jul/2023:14:25:42 +0300] "POST /myFunctions.php HTTP/1.1" 200 1
::1 - - [03/Jul/2023:14:26:41 +0300] "-" 408 -
::1 - - [03/Jul/2023:14:27:19 +0300] "GET /task3.php HTTP/1.1" 200 896
::1 - - [03/Jul/2023:14:27:20 +0300] "POST /myFunctions.php HTTP/1.1" 200 1
::1 - - [03/Jul/2023:14:27:21 +0300] "POST /myFunctions.php HTTP/1.1" 200 1
::1 - - [03/Jul/2023:14:27:21 +0300] "POST /myFunctions.php HTTP/1.1" 200 1
::1 - - [03/Jul/2023:14:27:28 +0300] "GET /task3.php HTTP/1.1" 200 897
::1 - - [03/Jul/2023:14:27:29 +0300] "POST /myFunctions.php HTTP/1.1" 200 1
::1 - - [03/Jul/2023:14:27:29 +0300] "POST /myFunctions.php HTTP/1.1" 200 1
::1 - - [03/Jul/2023:14:27:33 +0300] "GET /task3.php HTTP/1.1" 200 895
::1 - - [03/Jul/2023:14:27:34 +0300] "POST /myFunctions.php HTTP/1.1" 200 1
::1 - - [03/Jul/2023:14:27:35 +0300] "POST /myFunctions.php HTTP/1.1" 200 1
::1 - - [03/Jul/2023:14:28:22 +0300] "GET /task3.php HTTP/1.1" 200 895
::1 - - [03/Jul/2023:14:28:23 +0300] "POST /myFunctions.php HTTP/1.1" 200 1
::1 - - [03/Jul/2023:14:28:23 +0300] "POST /myFunctions.php HTTP/1.1" 200 1
::1 - - [03/Jul/2023:14:28:24 +0300] "POST /myFunctions.php HTTP/1.1" 200 1
::1 - - [03/Jul/2023:14:28:25 +0300] "POST /myFunctions.php HTTP/1.1" 200 1
::1 - - [03/Jul/2023:14:28:25 +0300] "POST /myFunctions.php HTTP/1.1" 200 1
::1 - - [03/Jul/2023:14:28:25 +0300] "POST /myFunctions.php HTTP/1.1" 200 1
::1 - - [03/Jul/2023:14:29:22 +0300] "-" 408 -
::1 - - [03/Jul/2023:14:30:15 +0300] "GET /task3.php HTTP/1.1" 200 1109
::1 - - [03/Jul/2023:14:30:16 +0300] "POST /myFunctions.php HTTP/1.1" 200 1
::1 - - [03/Jul/2023:14:30:26 +0300] "GET /task3.php HTTP/1.1" 200 1109
::1 - - [03/Jul/2023:14:30:27 +0300] "POST /myFunctions.php HTTP/1.1" 200 1
::1 - - [03/Jul/2023:14:31:02 +0300] "GET /task3.php HTTP/1.1" 200 1115
::1 - - [03/Jul/2023:14:31:06 +0300] "POST /myFunctions.php HTTP/1.1" 200 1
::1 - - [03/Jul/2023:14:31:17 +0300] "POST /myFunctions.php HTTP/1.1" 200 1
::1 - - [03/Jul/2023:14:32:21 +0300] "GET /task3.php HTTP/1.1" 200 1124
::1 - - [03/Jul/2023:14:32:26 +0300] "POST /myFunctions.php HTTP/1.1" 200 1
::1 - - [03/Jul/2023:14:32:31 +0300] "POST /myFunctions.php HTTP/1.1" 200 1
::1 - - [03/Jul/2023:14:32:35 +0300] "POST /myFunctions.php HTTP/1.1" 200 1
::1 - - [03/Jul/2023:14:32:55 +0300] "GET /task3.php HTTP/1.1" 200 1131
::1 - - [03/Jul/2023:14:32:59 +0300] "POST /myFunctions.php HTTP/1.1" 200 1
::1 - - [03/Jul/2023:14:33:43 +0300] "GET /task3.php HTTP/1.1" 200 1131
::1 - - [03/Jul/2023:14:33:46 +0300] "POST /myFunctions.php HTTP/1.1" 200 1
::1 - - [03/Jul/2023:14:34:43 +0300] "-" 408 -
::1 - - [03/Jul/2023:14:37:15 +0300] "GET /task3.php HTTP/1.1" 200 1131
::1 - - [03/Jul/2023:14:37:17 +0300] "POST /myFunctions.php HTTP/1.1" 200 -
::1 - - [03/Jul/2023:14:37:29 +0300] "POST /myFunctions.php HTTP/1.1" 200 -
::1 - - [03/Jul/2023:14:37:29 +0300] "POST /myFunctions.php HTTP/1.1" 200 -
::1 - - [03/Jul/2023:14:37:29 +0300] "POST /myFunctions.php HTTP/1.1" 200 -
::1 - - [03/Jul/2023:14:37:30 +0300] "POST /myFunctions.php HTTP/1.1" 200 -
::1 - - [03/Jul/2023:14:37:30 +0300] "POST /myFunctions.php HTTP/1.1" 200 -
::1 - - [03/Jul/2023:14:37:48 +0300] "GET /task3.php HTTP/1.1" 200 1117
::1 - - [03/Jul/2023:14:37:52 +0300] "POST /myFunctions.php HTTP/1.1" 200 6
::1 - - [03/Jul/2023:14:38:48 +0300] "-" 408 -
::1 - - [03/Jul/2023:14:40:10 +0300] "GET /task3.php HTTP/1.1" 200 1117
::1 - - [03/Jul/2023:14:40:12 +0300] "POST /myFunctions.php HTTP/1.1" 200 264
::1 - - [03/Jul/2023:14:40:45 +0300] "GET /task3.php HTTP/1.1" 200 1117
::1 - - [03/Jul/2023:14:40:48 +0300] "POST /myFunctions.php HTTP/1.1" 200 1
::1 - - [03/Jul/2023:14:40:51 +0300] "POST /myFunctions.php HTTP/1.1" 200 2
::1 - - [03/Jul/2023:14:40:54 +0300] "POST /myFunctions.php HTTP/1.1" 200 1
::1 - - [03/Jul/2023:14:40:56 +0300] "POST /myFunctions.php HTTP/1.1" 200 1
::1 - - [03/Jul/2023:14:40:56 +0300] "POST /myFunctions.php HTTP/1.1" 200 1
::1 - - [03/Jul/2023:14:40:58 +0300] "POST /myFunctions.php HTTP/1.1" 200 1
::1 - - [03/Jul/2023:14:41:45 +0300] "-" 408 -
::1 - - [05/Jul/2023:17:24:23 +0300] "GET / HTTP/1.1" 200 86887
::1 - - [05/Jul/2023:17:24:24 +0300] "GET /favicon.ico HTTP/1.1" 404 196
::1 - - [05/Jul/2023:17:25:23 +0300] "-" 408 -
::1 - - [05/Jul/2023:17:25:41 +0300] "GET /work/task3 HTTP/1.1" 404 196
::1 - - [05/Jul/2023:17:25:47 +0300] "GET /work/task3.php HTTP/1.1" 404 196
::1 - - [05/Jul/2023:17:25:54 +0300] "GET /task3.php HTTP/1.1" 200 1117
::1 - - [05/Jul/2023:17:25:58 +0300] "POST /myFunctions.php HTTP/1.1" 200 1
::1 - - [05/Jul/2023:17:26:10 +0300] "GET /task_1.php HTTP/1.1" 200 2
::1 - - [05/Jul/2023:17:27:10 +0300] "-" 408 -
::1 - - [05/Jul/2023:17:28:02 +0300] "GET /task_1.php HTTP/1.1" 200 8
::1 - - [05/Jul/2023:17:29:02 +0300] "-" 408 -
