[Mon Jul 03 14:03:54.577778 2023] [core:warn] [pid 1372:tid 492] AH00098: pid file D:/work/httpd-2.4.57-win64-VS17/Apache24/logs/httpd.pid overwritten -- Unclean shutdown of previous Apache run?
[Mon Jul 03 14:03:54.624596 2023] [mpm_winnt:notice] [pid 1372:tid 492] AH00455: Apache/2.4.57 (Win64) PHP/8.2.7 configured -- resuming normal operations
[Mon Jul 03 14:03:54.624596 2023] [mpm_winnt:notice] [pid 1372:tid 492] AH00456: Apache Lounge VS17 Server built: May 31 2023 10:48:22
[Mon Jul 03 14:03:54.624596 2023] [core:notice] [pid 1372:tid 492] AH00094: Command line: 'httpd.exe -d D:/work/httpd-2.4.57-win64-VS17/Apache24'
[Mon Jul 03 14:03:54.640204 2023] [mpm_winnt:notice] [pid 1372:tid 492] AH00418: Parent: Created child process 9288
Apache server interrupted...
023] [mpm_winnt:notice] [pid 9288:tid 488] AH00354: Child: Starting 64 worker threads.
[Mon Jul 03 15:10:46.903136 2023] [mpm_winnt:notice] [pid 1372:tid 492] AH00422: Parent: Received shutdown signal -- Shutting down the server.
Apache server interrupted...
Apache server interrupted...
Apache server interrupted...
Apache server interrupted...
Apache server interrupted...
Apache server interrupted...
[Mon Jul 03 15:10:48.907748 2023] [mpm_winnt:notice] [pid 9288:tid 488] AH00364: Child: All worker threads have exited.
[Mon Jul 03 15:10:49.955059 2023] [mpm_winnt:notice] [pid 1372:tid 492] AH00430: Parent: Child process 9288 exited successfully.
[Wed Jul 05 17:24:15.352046 2023] [mpm_winnt:notice] [pid 2392:tid 476] AH00455: Apache/2.4.57 (Win64) PHP/8.2.7 configured -- resuming normal operations
[Wed Jul 05 17:24:15.361142 2023] [mpm_winnt:notice] [pid 2392:tid 476] AH00456: Apache Lounge VS17 Server built: May 31 2023 10:48:22
[Wed Jul 05 17:24:15.361142 2023] [core:notice] [pid 2392:tid 476] AH00094: Command line: 'httpd.exe -d D:/work/httpd-2.4.57-win64-VS17/Apache24'
[Wed Jul 05 17:24:15.386215 2023] [mpm_winnt:notice] [pid 2392:tid 476] AH00418: Parent: Created child process 11772
[Wed Jul 05 17:24:16.560445 2023] [mpm_winnt:notice] [pid 11772:tid 484] AH00354: Child: Starting 64 worker threads.
